2023-08-06 03:50:28.930287 - Initialized conversion of CBT394
2023-08-06 03:50:29.324834 - Received CBT.V505.FILE394.PDS from FILE394.XMI 
2023-08-06 03:50:29.327090 - Found $$$#DATE.txt (text/plain) in CBT.V505.FILE394.PDS, moved to PDS/$$$#DATE
2023-08-06 03:50:29.328195 - Found $$DOC.txt (text/plain) in CBT.V505.FILE394.PDS, moved to PDS/$$DOC
2023-08-06 03:50:29.329231 - Found $$INDEX.txt (text/plain) in CBT.V505.FILE394.PDS, moved to PDS/$$INDEX
2023-08-06 03:50:29.330137 - Found $CPYRGHT.txt (text/plain) in CBT.V505.FILE394.PDS, moved to PDS/$CPYRGHT
2023-08-06 03:50:29.331100 - Found $HALVE.txt (text/plain) in CBT.V505.FILE394.PDS, moved to PDS/$HALVE
2023-08-06 03:50:29.332035 - Found $JJDGEN.txt (text/plain) in CBT.V505.FILE394.PDS, moved to PDS/$JJDGEN
2023-08-06 03:50:29.332907 - Found $JJTBGEN.txt (text/plain) in CBT.V505.FILE394.PDS, moved to PDS/$JJTBGEN
2023-08-06 03:50:29.333779 - Found $KSDSINI.txt (text/plain) in CBT.V505.FILE394.PDS, moved to PDS/$KSDSINI
2023-08-06 03:50:29.334763 - Found $TABLES.txt (text/plain) in CBT.V505.FILE394.PDS, moved to PDS/$TABLES
2023-08-06 03:50:29.335581 - Found $TBLACCS.txt (text/plain) in CBT.V505.FILE394.PDS, moved to PDS/$TBLACCS
2023-08-06 03:50:29.336403 - Found $WTOH.txt (text/plain) in CBT.V505.FILE394.PDS, moved to PDS/$WTOH
2023-08-06 03:50:29.337252 - Found @FILE394.txt (text/plain) in CBT.V505.FILE394.PDS, moved to PDS/@FILE394
2023-08-06 03:50:29.338193 - Found CPYRGHTC.txt (text/plain) in CBT.V505.FILE394.PDS, moved to PDS/CPYRGHTC
2023-08-06 03:50:29.339065 - Found DEFNVS.jcl (text/plain) in CBT.V505.FILE394.PDS, moved to PDS/DEFNVS
2023-08-06 03:50:29.339871 - Found DELNVS.jcl (text/plain) in CBT.V505.FILE394.PDS, moved to PDS/DELNVS
2023-08-06 03:50:29.340666 - Found HALVE.txt (text/plain) in CBT.V505.FILE394.PDS, moved to PDS/HALVE
2023-08-06 03:50:29.341571 - Found HLVTD.txt (text/plain) in CBT.V505.FILE394.PDS, moved to PDS/HLVTD
2023-08-06 03:50:29.342430 - Found IEFUSI.jcl (text/plain) in CBT.V505.FILE394.PDS, moved to PDS/IEFUSI
2023-08-06 03:50:29.343338 - Found JJDGEN.jcl (text/plain) in CBT.V505.FILE394.PDS, moved to PDS/JJDGEN
2023-08-06 03:50:29.344153 - Found JJPDSD.jcl (text/plain) in CBT.V505.FILE394.PDS, moved to PDS/JJPDSD
2023-08-06 03:50:29.345137 - Found JJTBGEN.txt (text/plain) in CBT.V505.FILE394.PDS, moved to PDS/JJTBGEN
2023-08-06 03:50:29.346177 - Found KSDSINIT.txt (text/plain) in CBT.V505.FILE394.PDS, moved to PDS/KSDSINIT
2023-08-06 03:50:29.347295 - Found KSDSPACE.jcl (text/plain) in CBT.V505.FILE394.PDS, moved to PDS/KSDSPACE
2023-08-06 03:50:29.348231 - Found KSDSPACO.jcl (text/plain) in CBT.V505.FILE394.PDS, moved to PDS/KSDSPACO
2023-08-06 03:50:29.349064 - Found LDAPROBE.rexx (text/plain) in CBT.V505.FILE394.PDS, moved to PDS/LDAPROBE
2023-08-06 03:50:29.349892 - Found LDAPROBJ.txt (text/plain) in CBT.V505.FILE394.PDS, moved to PDS/LDAPROBJ
2023-08-06 03:50:29.350744 - Found LLAUPDTS.jcl (text/plain) in CBT.V505.FILE394.PDS, moved to PDS/LLAUPDTS
2023-08-06 03:50:29.351542 - Found LLAUPDTX.jcl (text/plain) in CBT.V505.FILE394.PDS, moved to PDS/LLAUPDTX
2023-08-06 03:50:29.352323 - Found MAKENSWP.rexx (text/plain) in CBT.V505.FILE394.PDS, moved to PDS/MAKENSWP
2023-08-06 03:50:29.353155 - Found MXIVSTOR.rexx (text/plain) in CBT.V505.FILE394.PDS, moved to PDS/MXIVSTOR
2023-08-06 03:50:29.354158 - Found OFDASVER.jcl (text/plain) in CBT.V505.FILE394.PDS, moved to PDS/OFDASVER
2023-08-06 03:50:29.355098 - Found OFDVBFB.jcl (text/plain) in CBT.V505.FILE394.PDS, moved to PDS/OFDVBFB
2023-08-06 03:50:29.355946 - Found SUBENT.txt (text/plain) in CBT.V505.FILE394.PDS, moved to PDS/SUBENT
2023-08-06 03:50:29.356809 - Found SUBRET.txt (text/plain) in CBT.V505.FILE394.PDS, moved to PDS/SUBRET
2023-08-06 03:50:29.357698 - Found TBLACCSS.txt (text/plain) in CBT.V505.FILE394.PDS, moved to PDS/TBLACCSS
2023-08-06 03:50:29.358513 - Found TI.rexx (text/plain) in CBT.V505.FILE394.PDS, moved to PDS/TI
2023-08-06 03:50:29.359325 - Found TSTAMP.txt (text/plain) in CBT.V505.FILE394.PDS, moved to PDS/TSTAMP
2023-08-06 03:50:29.360119 - Found TV.txt (text/plain) in CBT.V505.FILE394.PDS, moved to PDS/TV
2023-08-06 03:50:29.360957 - Found WTOH.jcl (text/plain) in CBT.V505.FILE394.PDS, moved to PDS/WTOH
2023-08-06 03:50:29.361960 - Found XMIT.txt (text/plain) in CBT.V505.FILE394.PDS, moved to PDS/XMIT
